Option log level is not valid. Please refer to the README.
server.js - Server has started.
server.js - Request for / received.
rh.js - Request handler 'start' was called.
server.js - Request for / received.
rh.js - Request handler 'start' was called.
server.js - Request for /game received.
rh.js - Request handler 'game' was called.
server.js - add new client:rhAIpB7DJ_AWvR0sAAAA
server.js - Sending status to room 1 oppo is Nogard
server.js - Starts game at room 1
server.js - Round 1 starts...
server.js - clinum is 1
server.js - Total Room is 1
client.js - [uname:喵,ugen:woman,udep:心理,uage:junior,player:1,room:1,sid:rhAIpB7DJ_AWvR0sAAAA] has login
Splitting money, original :100 after : 0 , 100
server.js - Updating room...
server.js - Starts game at room 1
server.js - Round 2 starts...
client.js - Received 3 from player 1 of room 1
Splitting money, original :200 after : 197 , 3
server.js - Updating room...
server.js - Starts game at room 1
server.js - Round 3 starts...
Splitting money, original :103 after : 0 , 103
server.js - Updating room...
server.js - Starts game at room 1
server.js - Round 4 starts...
server.js - removing client:rhAIpB7DJ_AWvR0sAAAA
server.js - Server is resetting...
server.js - Request for / received.
rh.js - Request handler 'start' was called.
server.js - Request for /game received.
rh.js - Request handler 'game' was called.
server.js - add new client:7z2utp31k3g33j3qAAAB
server.js - Sending status to room 1 oppo is Nogard
server.js - Starts game at room 1
server.js - Round 1 starts...
server.js - clinum is 1
server.js - Total Room is 1
client.js - [uname:aa,ugen:woman,udep:aa,uage:junior,player:1,room:1,sid:7z2utp31k3g33j3qAAAB] has login
Splitting money, original :100 after : 0 , 100
server.js - Updating room...
server.js - Starts game at room 1
server.js - Round 2 starts...
server.js - removing client:7z2utp31k3g33j3qAAAB
server.js - Server is resetting...
server.js - Request for / received.
rh.js - Request handler 'start' was called.
server.js - Request for /game received.
rh.js - Request handler 'game' was called.
server.js - add new client:J35iPvt5AFVIlUieAAAC
server.js - Sending status to room 1 oppo is Nogard
server.js - Starts game at room 1
server.js - Round 1 starts...
server.js - clinum is 1
server.js - Total Room is 1
client.js - [uname:AAAtest,ugen:undefined,udep:,uage:undefined,player:1,room:1,sid:J35iPvt5AFVIlUieAAAC] has login
Splitting money, original :100 after : 0 , 100
server.js - Updating room...
server.js - Starts game at room 1
server.js - Round 2 starts...
client.js - Received 100 from player 1 of room 1
Splitting money, original :200 after : 100 , 100
server.js - Updating room...
server.js - Starts game at room 1
server.js - Round 3 starts...
Splitting money, original :200 after : 0 , 200
server.js - Updating room...
server.js - Starts game at room 1
server.js - Round 4 starts...
client.js - Received 0 from player 1 of room 1
Splitting money, original :300 after : 300 , 0
server.js - Updating room...
server.js - Ends game at room 1
server.js - Request for /endingwinner received.
rh.js - Request handler 'endingwinner' was called.
server.js - removing client:J35iPvt5AFVIlUieAAAC
server.js - Server is resetting...
server.js - Request for / received.
rh.js - Request handler 'start' was called.
server.js - Request for / received.
rh.js - Request handler 'start' was called.
server.js - Request for / received.
rh.js - Request handler 'start' was called.
server.js - Request for / received.
rh.js - Request handler 'start' was called.
server.js - Request for /game received.
rh.js - Request handler 'game' was called.
server.js - Request for / received.
rh.js - Request handler 'start' was called.
server.js - Request for / received.
rh.js - Request handler 'start' was called.
server.js - Request for / received.
rh.js - Request handler 'start' was called.
server.js - Request for / received.
rh.js - Request handler 'start' was called.
server.js - Request for /favicon.ico received.
server.js - Request for /favicon.ico received.
server.js - Request for /game received.
rh.js - Request handler 'game' was called.
server.js - Request for / received.
rh.js - Request handler 'start' was called.
server.js - Request for / received.
rh.js - Request handler 'start' was called.
server.js - Request for /favicon.ico received.
server.js - Request for /favicon.ico received.
server.js - Request for /game received.
rh.js - Request handler 'game' was called.
server.js - add new client:ANfhJ-wU-C8lqvt0AAAD
server.js - Sending status to room 1 oppo is Nogard
server.js - Starts game at room 1
server.js - Round 1 starts...
server.js - clinum is 1
server.js - Total Room is 1
client.js - [uname:Prince,ugen:man,udep:電機,uage:senior,player:1,room:1,sid:ANfhJ-wU-C8lqvt0AAAD] has login
Splitting money, original :100 after : 0 , 100
server.js - Updating room...
server.js - Starts game at room 1
server.js - Round 2 starts...
server.js - Request for /game received.
rh.js - Request handler 'game' was called.
server.js - add new client:l2WUB2H7EzKDi7-2AAAE
server.js - Sending status to room 2 oppo is Nogard
server.js - Starts game at room 2
server.js - Round 1 starts...
server.js - clinum is 2
server.js - Total Room is 2
client.js - [uname:杜杜,ugen:man,udep:心理,uage:senior,player:2,room:2,sid:l2WUB2H7EzKDi7-2AAAE] has login
client.js - Received 99 from player 1 of room 1
Splitting money, original :200 after : 101 , 99
server.js - Updating room...
server.js - Starts game at room 1
server.js - Round 3 starts...
Splitting money, original :100 after : 0 , 100
server.js - Updating room...
server.js - Starts game at room 2
server.js - Round 2 starts...
Splitting money, original :199 after : 0 , 199
server.js - Updating room...
server.js - Starts game at room 1
server.js - Round 4 starts...
client.js - Received 199 from player 1 of room 1
Splitting money, original :299 after : 100 , 199
server.js - Updating room...
server.js - Ends game at room 1
server.js - Request for /endingsmart received.
rh.js - Request handler 'endingsmart' was called.
server.js - removing client:ANfhJ-wU-C8lqvt0AAAD
client.js - Received 100 from player 2 of room 2
Splitting money, original :200 after : 100 , 100
server.js - Updating room...
server.js - Starts game at room 2
server.js - Round 3 starts...
server.js - Request for / received.
rh.js - Request handler 'start' was called.
server.js - Request for /favicon.ico received.
Splitting money, original :200 after : 0 , 200
server.js - Updating room...
server.js - Starts game at room 2
server.js - Round 4 starts...
server.js - Request for / received.
rh.js - Request handler 'start' was called.
server.js - Request for / received.
rh.js - Request handler 'start' was called.
server.js - Request for /game received.
rh.js - Request handler 'game' was called.
client.js - Received 200 from player 2 of room 2
Splitting money, original :300 after : 100 , 200
server.js - Updating room...
server.js - Ends game at room 2
server.js - Request for /endingsmart received.
rh.js - Request handler 'endingsmart' was called.
server.js - removing client:l2WUB2H7EzKDi7-2AAAE
server.js - Server is resetting...
server.js - Request for /game received.
rh.js - Request handler 'game' was called.
server.js - Request for /game received.
rh.js - Request handler 'game' was called.
server.js - add new client:AWrf4jm-uCBldEctAAAF
server.js - Sending status to room 1 oppo is Nogard
server.js - Starts game at room 1
server.js - Round 1 starts...
server.js - clinum is 1
server.js - Total Room is 1
client.js - [uname:拉拉拉,ugen:man,udep:電機四,uage:senior,player:1,room:1,sid:AWrf4jm-uCBldEctAAAF] has login
server.js - Request for /game received.
rh.js - Request handler 'game' was called.
Splitting money, original :100 after : 0 , 100
server.js - Updating room...
server.js - Starts game at room 1
server.js - Round 2 starts...
server.js - add new client:1VGSnkgyTo2j8pUxAAAG
server.js - Sending status to room 2 oppo is Nogard
server.js - Starts game at room 2
server.js - Round 1 starts...
server.js - clinum is 2
server.js - Total Room is 2
client.js - [uname:蛞蝓(?,ugen:woman,udep:心理,uage:junior,player:2,room:2,sid:1VGSnkgyTo2j8pUxAAAG] has login
client.js - Received 200 from player 1 of room 1
Splitting money, original :200 after : 0 , 200
server.js - Updating room...
server.js - Starts game at room 1
server.js - Round 3 starts...
Splitting money, original :100 after : 0 , 100
server.js - Updating room...
server.js - Starts game at room 2
server.js - Round 2 starts...
server.js - add new client:Zljkn97GFGgTrzDWAAAH
server.js - Sending status to room 3 oppo is Dragon
server.js - Starts game at room 3
server.js - Round 1 starts...
server.js - clinum is 3
server.js - Total Room is 3
client.js - [uname:angus,ugen:man,udep:電機系,uage:senior,player:3,room:3,sid:Zljkn97GFGgTrzDWAAAH] has login
Splitting money, original :300 after : 0 , 300
server.js - Updating room...
server.js - Starts game at room 1
server.js - Round 4 starts...
client.js - Received 100 from player 2 of room 2
Splitting money, original :200 after : 100 , 100
server.js - Updating room...
server.js - Starts game at room 2
server.js - Round 3 starts...
client.js - Received 0 from player 1 of room 1
Splitting money, original :400 after : 400 , 0
server.js - Updating room...
server.js - Ends game at room 1
server.js - Request for /endingwinner received.
rh.js - Request handler 'endingwinner' was called.
server.js - removing client:AWrf4jm-uCBldEctAAAF
Splitting money, original :100 after : 100 , 0
server.js - Updating room...
server.js - Starts game at room 3
server.js - Round 2 starts...
server.js - Request for /game received.
rh.js - Request handler 'game' was called.
server.js - Request for /favicon.ico received.
Splitting money, original :200 after : 0 , 200
server.js - Updating room...
server.js - Starts game at room 2
server.js - Round 4 starts...
server.js - add new client:gZcx5kmN9gCPhnMiAAAI
server.js - Sending status to room 4 oppo is Nogard
server.js - Starts game at room 4
server.js - Round 1 starts...
server.js - clinum is 4
server.js - Total Room is 4
client.js - [uname:喵,ugen:man,udep:心理系,uage:junior,player:4,room:4,sid:gZcx5kmN9gCPhnMiAAAI] has login
client.js - Received 10 from player 3 of room 3
Splitting money, original :100 after : 90 , 10
server.js - Updating room...
server.js - Starts game at room 3
server.js - Round 3 starts...
client.js - Received 150 from player 2 of room 2
Splitting money, original :300 after : 150 , 150
server.js - Updating room...
server.js - Ends game at room 2
server.js - Request for /endingwinner received.
rh.js - Request handler 'endingwinner' was called.
server.js - removing client:1VGSnkgyTo2j8pUxAAAG
server.js - Request for /favicon.ico received.
server.js - Request for / received.
rh.js - Request handler 'start' was called.
server.js - Request for /favicon.ico received.
Splitting money, original :100 after : 0 , 100
server.js - Updating room...
server.js - Starts game at room 4
server.js - Round 2 starts...
Splitting money, original :110 after : 100 , 10
server.js - Updating room...
server.js - Starts game at room 3
server.js - Round 4 starts...
client.js - Received 30 from player 3 of room 3
Splitting money, original :110 after : 80 , 30
server.js - Updating room...
server.js - Ends game at room 3
client.js - Received 50 from player 4 of room 4
Splitting money, original :200 after : 150 , 50
server.js - Updating room...
server.js - Starts game at room 4
server.js - Round 3 starts...
server.js - Request for /endingloser received.
rh.js - Request handler 'endingloser' was called.
server.js - removing client:Zljkn97GFGgTrzDWAAAH
server.js - Request for /game received.
rh.js - Request handler 'game' was called.
Splitting money, original :150 after : 0 , 150
server.js - Updating room...
server.js - Starts game at room 4
server.js - Round 4 starts...
server.js - add new client:OeBdmMW2ukcH5xGWAAAJ
server.js - Sending status to room 5 oppo is Dragon
server.js - Starts game at room 5
server.js - Round 1 starts...
server.js - clinum is 5
server.js - Total Room is 5
client.js - [uname:vv,ugen:woman,udep:心理,uage:fresh,player:5,room:5,sid:OeBdmMW2ukcH5xGWAAAJ] has login
client.js - Received 150 from player 4 of room 4
Splitting money, original :250 after : 100 , 150
server.js - Updating room...
server.js - Ends game at room 4
server.js - Request for /endingsmart received.
rh.js - Request handler 'endingsmart' was called.
server.js - removing client:gZcx5kmN9gCPhnMiAAAI
Splitting money, original :100 after : 100 , 0
server.js - Updating room...
server.js - Starts game at room 5
server.js - Round 2 starts...
client.js - Received 80 from player 5 of room 5
Splitting money, original :100 after : 20 , 80
server.js - Updating room...
server.js - Starts game at room 5
server.js - Round 3 starts...
Splitting money, original :180 after : 100 , 80
server.js - Updating room...
server.js - Starts game at room 5
server.js - Round 4 starts...
server.js - Request for / received.
rh.js - Request handler 'start' was called.
client.js - Received 90 from player 5 of room 5
Splitting money, original :180 after : 90 , 90
server.js - Updating room...
server.js - Ends game at room 5
server.js - Request for /endingloser received.
rh.js - Request handler 'endingloser' was called.
server.js - removing client:OeBdmMW2ukcH5xGWAAAJ
server.js - Server is resetting...
server.js - Request for / received.
rh.js - Request handler 'start' was called.
server.js - Request for / received.
rh.js - Request handler 'start' was called.
server.js - Request for /game received.
rh.js - Request handler 'game' was called.
server.js - Request for / received.
rh.js - Request handler 'start' was called.
server.js - Request for /favicon.ico received.
server.js - Request for / received.
rh.js - Request handler 'start' was called.
server.js - Request for /favicon.ico received.
server.js - Request for /game received.
rh.js - Request handler 'game' was called.
server.js - add new client:nuTHL8V7Sn1d8TC0AAAK
server.js - Sending status to room 1 oppo is Nogard
server.js - Starts game at room 1
server.js - Round 1 starts...
server.js - clinum is 1
server.js - Total Room is 1
client.js - [uname:chew,ugen:woman,udep:心理,uage:junior,player:1,room:1,sid:nuTHL8V7Sn1d8TC0AAAK] has login
server.js - Request for / received.
rh.js - Request handler 'start' was called.
Splitting money, original :100 after : 0 , 100
server.js - Updating room...
server.js - Starts game at room 1
server.js - Round 2 starts...
server.js - Request for / received.
rh.js - Request handler 'start' was called.
server.js - removing client:nuTHL8V7Sn1d8TC0AAAK
server.js - Server is resetting...

/home/YuanTingHsieh/psycho/server.js:199
                    self.rooms[nowroom-1].times--;
                                         ^
TypeError: Cannot read property 'times' of undefined
    at null.<anonymous> (/home/YuanTingHsieh/psycho/server.js:199:42)
    at wrapper (timers.js:252:14)
    at Timer.listOnTimeout [as ontimeout] (timers.js:110:15)
