Option log level is not valid. Please refer to the README.
server.js - Server has started.
server.js - Request for / received.
rh.js - Request handler 'start' was called.
server.js - Request for /favicon.ico received.
server.js - Request for / received.
rh.js - Request handler 'start' was called.
server.js - Request for /game received.
rh.js - Request handler 'game' was called.
server.js - add new client:4Bd3uYFqCJUBKe37AAAA
server.js - Sending status to room 1 oppo is Nogard
server.js - Starts game at room 1
server.js - Round 1 starts...
server.js - clinum is 1
server.js - Total Room is 1
client.js - [uname:bol,ugen:man,udep:園藝,uage:junior,player:1,room:1,sid:4Bd3uYFqCJUBKe37AAAA] has login
Splitting money, original :100 after : 0 , 100
server.js - Updating room...
server.js - Starts game at room 1
server.js - Round 2 starts...
client.js - Received 100 from player 1 of room 1
Splitting money, original :200 after : 100 , 100
server.js - Updating room...
server.js - Starts game at room 1
server.js - Round 3 starts...
server.js - Request for / received.
rh.js - Request handler 'start' was called.
Splitting money, original :200 after : 0 , 200
server.js - Updating room...
server.js - Starts game at room 1
server.js - Round 4 starts...
server.js - Request for /game received.
rh.js - Request handler 'game' was called.
client.js - Received 300 from player 1 of room 1
Splitting money, original :300 after : 0 , 300
server.js - Updating room...
server.js - Ends game at room 1
server.js - Request for /endingsmart received.
rh.js - Request handler 'endingsmart' was called.
server.js - removing client:4Bd3uYFqCJUBKe37AAAA
server.js - Server is resetting...
server.js - add new client:7_tD3gAbXxuSfhlBAAAB
server.js - Sending status to room 1 oppo is Nogard
server.js - Starts game at room 1
server.js - Round 1 starts...
server.js - clinum is 1
server.js - Total Room is 1
client.js - [uname:Prince,ugen:man,udep:電機,uage:senior,player:1,room:1,sid:7_tD3gAbXxuSfhlBAAAB] has login
server.js - Request for / received.
rh.js - Request handler 'start' was called.
server.js - Request for /favicon.ico received.
server.js - Request for /game received.
rh.js - Request handler 'game' was called.
server.js - Request for /favicon.ico received.
Splitting money, original :100 after : 0 , 100
server.js - Updating room...
server.js - Starts game at room 1
server.js - Round 2 starts...
client.js - Received 200 from player 1 of room 1
Splitting money, original :200 after : 0 , 200
server.js - Updating room...
server.js - Starts game at room 1
server.js - Round 3 starts...
server.js - add new client:AjdYaZutiaKmSD8sAAAC
server.js - Sending status to room 2 oppo is Dragon
server.js - Starts game at room 2
server.js - Round 1 starts...
server.js - clinum is 2
server.js - Total Room is 2
client.js - [uname:程式剛剛當機,ugen:man,udep:,uage:junior,player:2,room:2,sid:AjdYaZutiaKmSD8sAAAC] has login
Splitting money, original :300 after : 0 , 300
server.js - Updating room...
server.js - Starts game at room 1
server.js - Round 4 starts...
Splitting money, original :100 after : 100 , 0
server.js - Updating room...
server.js - Starts game at room 2
server.js - Round 2 starts...
client.js - Received 0 from player 1 of room 1
Splitting money, original :400 after : 400 , 0
server.js - Updating room...
server.js - Ends game at room 1
server.js - Request for /endingwinner received.
rh.js - Request handler 'endingwinner' was called.
server.js - removing client:7_tD3gAbXxuSfhlBAAAB
server.js - Request for / received.
rh.js - Request handler 'start' was called.
client.js - Received 100 from player 2 of room 2
Splitting money, original :100 after : 0 , 100
server.js - Updating room...
server.js - Starts game at room 2
server.js - Round 3 starts...
server.js - Request for /game received.
rh.js - Request handler 'game' was called.
Splitting money, original :200 after : 100 , 100
server.js - Updating room...
server.js - Starts game at room 2
server.js - Round 4 starts...
client.js - Received 200 from player 2 of room 2
Splitting money, original :200 after : 0 , 200
server.js - Updating room...
server.js - Ends game at room 2
server.js - Request for /endingloser received.
rh.js - Request handler 'endingloser' was called.
server.js - removing client:AjdYaZutiaKmSD8sAAAC
server.js - Server is resetting...
server.js - Request for /favicon.ico received.
server.js - add new client:4PRt4n1hAhpBev_oAAAD
server.js - Sending status to room 1 oppo is Nogard
server.js - Starts game at room 1
server.js - Round 1 starts...
server.js - clinum is 1
server.js - Total Room is 1
client.js - [uname:afa,ugen:woman,udep:nutella,uage:junior,player:1,room:1,sid:4PRt4n1hAhpBev_oAAAD] has login
Splitting money, original :100 after : 0 , 100
server.js - Updating room...
server.js - Starts game at room 1
server.js - Round 2 starts...
server.js - Request for / received.
rh.js - Request handler 'start' was called.
client.js - Received 100 from player 1 of room 1
Splitting money, original :200 after : 100 , 100
server.js - Updating room...
server.js - Starts game at room 1
server.js - Round 3 starts...
server.js - Request for /favicon.ico received.
server.js - Request for / received.
rh.js - Request handler 'start' was called.
server.js - Request for /game received.
rh.js - Request handler 'game' was called.
Splitting money, original :200 after : 0 , 200
server.js - Updating room...
server.js - Starts game at room 1
server.js - Round 4 starts...
server.js - Request for /favicon.ico received.
client.js - Received 200 from player 1 of room 1
Splitting money, original :300 after : 100 , 200
server.js - Updating room...
server.js - Ends game at room 1
server.js - Request for /endingsmart received.
rh.js - Request handler 'endingsmart' was called.
server.js - removing client:4PRt4n1hAhpBev_oAAAD
server.js - Server is resetting...
server.js - add new client:KW2nOv9kXtJfPgBKAAAE
server.js - Sending status to room 1 oppo is Nogard
server.js - Starts game at room 1
server.js - Round 1 starts...
server.js - clinum is 1
server.js - Total Room is 1
client.js - [uname:><,ugen:man,udep:psy,uage:junior,player:1,room:1,sid:KW2nOv9kXtJfPgBKAAAE] has login
Splitting money, original :100 after : 0 , 100
server.js - Updating room...
server.js - Starts game at room 1
server.js - Round 2 starts...
server.js - Request for / received.
rh.js - Request handler 'start' was called.
server.js - Request for /favicon.ico received.
client.js - Received 100 from player 1 of room 1
Splitting money, original :200 after : 100 , 100
server.js - Updating room...
server.js - Starts game at room 1
server.js - Round 3 starts...
server.js - Request for / received.
rh.js - Request handler 'start' was called.
Splitting money, original :200 after : 0 , 200
server.js - Updating room...
server.js - Starts game at room 1
server.js - Round 4 starts...
server.js - Request for /favicon.ico received.
server.js - Request for /game received.
rh.js - Request handler 'game' was called.
server.js - Request for / received.
rh.js - Request handler 'start' was called.
client.js - Received 150 from player 1 of room 1
Splitting money, original :300 after : 150 , 150
server.js - Updating room...
server.js - Ends game at room 1
server.js - Request for /endingwinner received.
rh.js - Request handler 'endingwinner' was called.
server.js - removing client:KW2nOv9kXtJfPgBKAAAE
server.js - Server is resetting...
server.js - add new client:UHlCJQrVvFjO7FQIAAAF
server.js - Sending status to room 1 oppo is Nogard
server.js - Starts game at room 1
server.js - Round 1 starts...
server.js - clinum is 1
server.js - Total Room is 1
client.js - [uname:bol,ugen:man,udep:園藝,uage:junior,player:1,room:1,sid:UHlCJQrVvFjO7FQIAAAF] has login
server.js - add new client:33i_5BqT2e0nCxmuAAAG
Splitting money, original :100 after : 0 , 100
server.js - Updating room...
server.js - Starts game at room 1
server.js - Round 2 starts...
server.js - Sending status to room 2 oppo is Dragon
server.js - Starts game at room 2
server.js - Round 1 starts...
server.js - clinum is 2
server.js - Total Room is 2
client.js - [uname:Lyn,ugen:woman,udep:心理,uage:junior,player:2,room:2,sid:33i_5BqT2e0nCxmuAAAG] has login
server.js - Request for /game received.
rh.js - Request handler 'game' was called.
client.js - Received 100 from player 1 of room 1
Splitting money, original :200 after : 100 , 100
server.js - Updating room...
server.js - Starts game at room 1
server.js - Round 3 starts...
Splitting money, original :100 after : -100 , 200
server.js - Updating room...
server.js - Starts game at room 2
server.js - Round 2 starts...
Splitting money, original :200 after : 0 , 200
server.js - Updating room...
server.js - Starts game at room 1
server.js - Round 4 starts...
client.js - Received 150 from player 2 of room 2
Splitting money, original :300 after : 150 , 150
server.js - Updating room...
server.js - Starts game at room 2
server.js - Round 3 starts...
client.js - Received 200 from player 1 of room 1
Splitting money, original :300 after : 100 , 200
server.js - Updating room...
server.js - Ends game at room 1
server.js - Request for /endingsmart received.
rh.js - Request handler 'endingsmart' was called.
server.js - removing client:UHlCJQrVvFjO7FQIAAAF
server.js - add new client:aRP86YjqKwY6AuVEAAAH
server.js - Sending status to room 3 oppo is Kris
server.js - Starts game at room 3
server.js - Round 1 starts...
server.js - clinum is 3
server.js - Total Room is 3
client.js - [uname:蛞蝓好笨,ugen:woman,udep:心理,uage:junior,player:3,room:3,sid:aRP86YjqKwY6AuVEAAAH] has login
Splitting money, original :250 after : 100 , 150
server.js - Updating room...
server.js - Starts game at room 2
server.js - Round 4 starts...
Splitting money, original :100 after : 50 , 50
server.js - Updating room...
server.js - Starts game at room 3
server.js - Round 2 starts...
client.js - Received 175 from player 2 of room 2
Splitting money, original :250 after : 75 , 175
server.js - Updating room...
server.js - Ends game at room 2
server.js - Request for /endingwinner received.
rh.js - Request handler 'endingwinner' was called.
server.js - removing client:33i_5BqT2e0nCxmuAAAG
server.js - Request for / received.
rh.js - Request handler 'start' was called.
client.js - Received 75 from player 3 of room 3
Splitting money, original :150 after : 75 , 75
server.js - Updating room...
server.js - Starts game at room 3
server.js - Round 3 starts...
Splitting money, original :175 after : 88 , 87
server.js - Updating room...
server.js - Starts game at room 3
server.js - Round 4 starts...
client.js - Received 87 from player 3 of room 3
Splitting money, original :187 after : 100 , 87
server.js - Updating room...
server.js - Ends game at room 3
server.js - Request for /endingsmart received.
rh.js - Request handler 'endingsmart' was called.
server.js - removing client:aRP86YjqKwY6AuVEAAAH
server.js - Server is resetting...
server.js - Request for / received.
rh.js - Request handler 'start' was called.
server.js - Request for / received.
rh.js - Request handler 'start' was called.
server.js - Request for /favicon.ico received.
server.js - Request for / received.
rh.js - Request handler 'start' was called.
server.js - Request for /game received.
rh.js - Request handler 'game' was called.
server.js - Request for /favicon.ico received.
server.js - Request for / received.
rh.js - Request handler 'start' was called.
server.js - Request for / received.
rh.js - Request handler 'start' was called.
server.js - Request for / received.
rh.js - Request handler 'start' was called.
server.js - Request for /game received.
rh.js - Request handler 'game' was called.
server.js - Request for /favicon.ico received.
server.js - add new client:JCSQwBqZmUmSUgWkAAAI
server.js - Sending status to room 1 oppo is Nogard
server.js - Starts game at room 1
server.js - Round 1 starts...
server.js - clinum is 1
server.js - Total Room is 1
client.js - [uname:,ugen:woman,udep:,uage:junior,player:1,room:1,sid:JCSQwBqZmUmSUgWkAAAI] has login
server.js - Request for /game received.
rh.js - Request handler 'game' was called.
Splitting money, original :100 after : 0 , 100
server.js - Updating room...
server.js - Starts game at room 1
server.js - Round 2 starts...
server.js - add new client:Y0D7aVVKaOcrVLlTAAAJ
server.js - Sending status to room 2 oppo is Dragon
server.js - Starts game at room 2
server.js - Round 1 starts...
server.js - clinum is 2
server.js - Total Room is 2
client.js - [uname:Hsuan,ugen:woman,udep:社學,uage:junior,player:2,room:2,sid:Y0D7aVVKaOcrVLlTAAAJ] has login
server.js - add new client:kfMpBqNHKtNOn3V8AAAK
server.js - Sending status to room 3 oppo is Kris
server.js - Starts game at room 3
server.js - Round 1 starts...
server.js - clinum is 3
server.js - Total Room is 3
client.js - [uname:崴,ugen:man,udep:經濟,uage:junior,player:3,room:3,sid:kfMpBqNHKtNOn3V8AAAK] has login
client.js - Received 50 from player 1 of room 1
Splitting money, original :200 after : 150 , 50
server.js - Updating room...
server.js - Starts game at room 1
server.js - Round 3 starts...
Splitting money, original :100 after : -75 , 175
server.js - Updating room...
server.js - Starts game at room 2
server.js - Round 2 starts...
Splitting money, original :100 after : 50 , 50
server.js - Updating room...
server.js - Starts game at room 3
server.js - Round 2 starts...
Splitting money, original :150 after : 0 , 150
server.js - Updating room...
server.js - Starts game at room 1
server.js - Round 4 starts...
client.js - Received 150 from player 3 of room 3
Splitting money, original :150 after : 0 , 150
server.js - Updating room...
server.js - Starts game at room 3
server.js - Round 3 starts...
client.js - Received 200 from player 1 of room 1
Splitting money, original :250 after : 50 , 200
server.js - Updating room...
server.js - Ends game at room 1
server.js - Request for /endingsmart received.
rh.js - Request handler 'endingsmart' was called.
server.js - removing client:JCSQwBqZmUmSUgWkAAAI
client.js - Received 150 from player 2 of room 2
Splitting money, original :275 after : 125 , 150
server.js - Updating room...
server.js - Starts game at room 2
server.js - Round 3 starts...
server.js - Request for / received.
rh.js - Request handler 'start' was called.
server.js - Request for / received.
rh.js - Request handler 'start' was called.
Splitting money, original :250 after : 125 , 125
server.js - Updating room...
server.js - Starts game at room 3
server.js - Round 4 starts...
client.js - Received 225 from player 3 of room 3
Splitting money, original :225 after : 0 , 225
server.js - Updating room...
server.js - Ends game at room 3
server.js - Request for /endingloser received.
rh.js - Request handler 'endingloser' was called.
server.js - removing client:kfMpBqNHKtNOn3V8AAAK
Splitting money, original :250 after : 100 , 150
server.js - Updating room...
server.js - Starts game at room 2
server.js - Round 4 starts...
client.js - Received 150 from player 2 of room 2
Splitting money, original :250 after : 100 , 150
server.js - Updating room...
server.js - Ends game at room 2
server.js - Request for /endingwinner received.
rh.js - Request handler 'endingwinner' was called.
server.js - removing client:Y0D7aVVKaOcrVLlTAAAJ
server.js - Server is resetting...
server.js - Request for /game received.
rh.js - Request handler 'game' was called.
server.js - Request for / received.
rh.js - Request handler 'start' was called.
server.js - Request for /favicon.ico received.
server.js - Request for /game received.
rh.js - Request handler 'game' was called.
server.js - Request for /game received.
rh.js - Request handler 'game' was called.
server.js - Request for /favicon.ico received.
server.js - add new client:lecPuMZy7KomOoD_AAAL
server.js - Sending status to room 1 oppo is Nogard
server.js - Starts game at room 1
server.js - Round 1 starts...
server.js - clinum is 1
server.js - Total Room is 1
client.js - [uname:Fish,ugen:woman,udep:心理,uage:fresh,player:1,room:1,sid:lecPuMZy7KomOoD_AAAL] has login
server.js - add new client:NDSV-FgKFz8RTuNyAAAM
server.js - Sending status to room 2 oppo is Dragon
server.js - Starts game at room 2
server.js - Round 1 starts...
server.js - clinum is 2
server.js - Total Room is 2
client.js - [uname:粉,ugen:woman,udep:資工,uage:junior,player:2,room:2,sid:NDSV-FgKFz8RTuNyAAAM] has login
server.js - Request for / received.
rh.js - Request handler 'start' was called.
server.js - Request for /favicon.ico received.
server.js - Request for /favicon.ico received.
Splitting money, original :100 after : 0 , 100
server.js - Updating room...
server.js - Starts game at room 1
server.js - Round 2 starts...
Splitting money, original :100 after : -50 , 150
server.js - Updating room...
server.js - Starts game at room 2
server.js - Round 2 starts...
client.js - Received 100 from player 1 of room 1
Splitting money, original :200 after : 100 , 100
server.js - Updating room...
server.js - Starts game at room 1
server.js - Round 3 starts...
Splitting money, original :200 after : 0 , 200
server.js - Updating room...
server.js - Starts game at room 1
server.js - Round 4 starts...
server.js - Request for /game received.
rh.js - Request handler 'game' was called.
client.js - Received 125 from player 2 of room 2
Splitting money, original :250 after : 125 , 125
server.js - Updating room...
server.js - Starts game at room 2
server.js - Round 3 starts...
client.js - Received 300 from player 1 of room 1
Splitting money, original :300 after : 0 , 300
server.js - Updating room...
server.js - Ends game at room 1
server.js - Request for /endingsmart received.
rh.js - Request handler 'endingsmart' was called.
server.js - removing client:lecPuMZy7KomOoD_AAAL
server.js - add new client:kygGUhHMUyAATYsQAAAN
