Option log level is not valid. Please refer to the README.
server.js - Server has started.
server.js - Request for / received.
rh.js - Request handler 'start' was called.
server.js - Request for / received.
rh.js - Request handler 'start' was called.
server.js - Request for / received.
rh.js - Request handler 'start' was called.
server.js - Request for / received.
rh.js - Request handler 'start' was called.
server.js - Request for /favicon.ico received.
server.js - Request for /game received.
rh.js - Request handler 'game' was called.
server.js - add new client:hDQwq30WJwUCfN20AAAA
GG
server.js - clinum is 1
server.js - Total Room is 1
client.js - [uname:HELLO,ugen:woman,udep:電機系,uage:senior,player:1,room:1,sid:hDQwq30WJwUCfN20AAAA] has login
server.js - Request for / received.
rh.js - Request handler 'start' was called.
server.js - Request for /game received.
rh.js - Request handler 'game' was called.
server.js - removing client:hDQwq30WJwUCfN20AAAA
server.js - Server is resetting...
server.js - Request for / received.
rh.js - Request handler 'start' was called.
server.js - Request for / received.
rh.js - Request handler 'start' was called.
server.js - Request for /favicon.ico received.
server.js - Request for / received.
rh.js - Request handler 'start' was called.
server.js - Request for / received.
rh.js - Request handler 'start' was called.
server.js - Request for / received.
rh.js - Request handler 'start' was called.
server.js - Request for / received.
rh.js - Request handler 'start' was called.
server.js - Request for / received.
rh.js - Request handler 'start' was called.
server.js - Request for /favicon.ico received.
server.js - Request for /game received.
rh.js - Request handler 'game' was called.
server.js - add new client:fPoD7tbr-8oszpgtAAAB
GG
server.js - clinum is 1
server.js - Total Room is 1
client.js - [uname:EJ,ugen:man,udep:電機,uage:senior,player:1,room:1,sid:fPoD7tbr-8oszpgtAAAB] has login
server.js - Request for / received.
rh.js - Request handler 'start' was called.
server.js - Request for /favicon.ico received.
server.js - Request for /favicon.ico received.
server.js - Request for /game received.
rh.js - Request handler 'game' was called.
server.js - Request for / received.
rh.js - Request handler 'start' was called.
server.js - add new client:a0edwjiXpeLh710UAAAC
sending Status...
server.js - Starts game at room 1
server.js - Round 1 starts...
GG
server.js - clinum is 2
server.js - Total Room is 1
client.js - [uname:aaa,ugen:man,udep:電機,uage:senior,player:2,room:1,sid:a0edwjiXpeLh710UAAAC] has login
server.js - Request for / received.
rh.js - Request handler 'start' was called.
server.js - Request for /favicon.ico received.
server.js - Request for / received.
rh.js - Request handler 'start' was called.
server.js - Request for /game received.
rh.js - Request handler 'game' was called.
server.js - Request for /favicon.ico received.
client.js - Received 50 from player 1 of room 1
Splitting money, original :100 after : 50 , 50
server.js - Updating room...
server.js - Starts game at room 1
server.js - Round 2 starts...
server.js - add new client:D37-mUfkwBg9VMuyAAAD
client.js - Received 75 from player 2 of room 1
Splitting money, original :150 after : 75 , 75
server.js - Updating room...
server.js - Starts game at room 1
server.js - Round 3 starts...
GG
server.js - clinum is 3
server.js - Total Room is 2
client.js - [uname:林昕穎,ugen:woman,udep:心理系,uage:junior,player:3,room:2,sid:D37-mUfkwBg9VMuyAAAD] has login
client.js - Received 125 from player 1 of room 1
Splitting money, original :225 after : 100 , 125
server.js - Updating room...
server.js - Starts game at room 1
server.js - Round 4 starts...
server.js - removing client:D37-mUfkwBg9VMuyAAAD
client.js - Received 175 from player 2 of room 1
Splitting money, original :350 after : 175 , 175
server.js - Updating room...
server.js - Ends game at room 1
server.js - Request for /endingsmart received.
rh.js - Request handler 'endingsmart' was called.
server.js - Request for /endingsmart received.
rh.js - Request handler 'endingsmart' was called.
server.js - removing client:fPoD7tbr-8oszpgtAAAB
client.js - Received 175 from player 2 of room 1
Splitting money, original :525 after : 350 , 175
Missing error handler on `socket`.
TypeError: Object  has no method 'doSerToCli'
    at Object.Server.roomsplitMoney (/home/YuanTingHsieh/psycho/server.js:309:43)
    at Object.Client.doClitoSer (/home/YuanTingHsieh/psycho/clientoserver.js:88:22)
    at Socket.<anonymous> (/home/YuanTingHsieh/psycho/clientoserver.js:35:59)
    at Socket.EventEmitter.emit (events.js:95:17)
    at Socket.onevent (/home/YuanTingHsieh/psycho/node_modules/socket.io/lib/socket.js:330:8)
    at Socket.onpacket (/home/YuanTingHsieh/psycho/node_modules/socket.io/lib/socket.js:290:12)
    at Client.ondecoded (/home/YuanTingHsieh/psycho/node_modules/socket.io/lib/client.js:193:14)
    at Decoder.Emitter.emit (/home/YuanTingHsieh/psycho/node_modules/socket.io/node_modules/socket.io-parser/node_modules/component-emitter/index.js:134:20)
    at Decoder.add (/home/YuanTingHsieh/psycho/node_modules/socket.io/node_modules/socket.io-parser/index.js:247:12)
    at Client.ondata (/home/YuanTingHsieh/psycho/node_modules/socket.io/lib/client.js:175:18)
server.js - removing client:a0edwjiXpeLh710UAAAC
server.js - Server is resetting...
server.js - Request for / received.
rh.js - Request handler 'start' was called.
server.js - Request for /favicon.ico received.
server.js - Request for / received.
rh.js - Request handler 'start' was called.
server.js - Request for /endingsmart received.
rh.js - Request handler 'endingsmart' was called.
server.js - Request for /endingsmart received.
rh.js - Request handler 'endingsmart' was called.
server.js - Request for / received.
rh.js - Request handler 'start' was called.
server.js - Request for / received.
rh.js - Request handler 'start' was called.
server.js - Request for / received.
rh.js - Request handler 'start' was called.
server.js - Request for /game received.
rh.js - Request handler 'game' was called.
server.js - Request for / received.
rh.js - Request handler 'start' was called.
server.js - Request for / received.
rh.js - Request handler 'start' was called.
server.js - Request for /favicon.ico received.
server.js - Request for / received.
rh.js - Request handler 'start' was called.
server.js - Request for /game received.
rh.js - Request handler 'game' was called.
server.js - add new client:m99ziDlyX580LIvAAAAE
GG
server.js - clinum is 1
server.js - Total Room is 1
client.js - [uname:哩賀,ugen:woman,udep:電機,uage:senior,player:1,room:1,sid:m99ziDlyX580LIvAAAAE] has login
server.js - removing client:m99ziDlyX580LIvAAAAE
server.js - Server is resetting...
server.js - Request for /game received.
rh.js - Request handler 'game' was called.
server.js - Request for /favicon.ico received.
server.js - Request for / received.
rh.js - Request handler 'start' was called.
server.js - Request for /game received.
rh.js - Request handler 'game' was called.
server.js - Request for /game received.
rh.js - Request handler 'game' was called.
server.js - add new client:ABGsjtPUAZDaBcGsAAAF
GG
server.js - clinum is 1
server.js - Total Room is 1
client.js - [uname:大屌,ugen:man,udep:電機系,uage:senior,player:1,room:1,sid:ABGsjtPUAZDaBcGsAAAF] has login
server.js - Request for / received.
rh.js - Request handler 'start' was called.
server.js - Request for /game received.
rh.js - Request handler 'game' was called.
server.js - add new client:np2hcMyp-Pn3H5KlAAAG
sending Status...
server.js - Starts game at room 1
server.js - Round 1 starts...
GG
server.js - clinum is 2
server.js - Total Room is 1
client.js - [uname:112,ugen:woman,udep:ee,uage:senior,player:2,room:1,sid:np2hcMyp-Pn3H5KlAAAG] has login
client.js - Received 1 from player 1 of room 1
Splitting money, original :100 after : 99 , 1
server.js - Updating room...
server.js - Starts game at room 1
server.js - Round 2 starts...
client.js - Received 50 from player 2 of room 1
Splitting money, original :101 after : 51 , 50
server.js - Updating room...
server.js - Starts game at room 1
server.js - Round 3 starts...
client.js - Received 4 from player 1 of room 1
Splitting money, original :151 after : 147 , 4
server.js - Updating room...
server.js - Starts game at room 1
server.js - Round 4 starts...
client.js - Received 70 from player 2 of room 1
Splitting money, original :155 after : 85 , 70
server.js - Updating room...
server.js - Ends game at room 1
server.js - Request for /endingloser received.
rh.js - Request handler 'endingloser' was called.
server.js - Request for /endingsmart received.
rh.js - Request handler 'endingsmart' was called.
server.js - removing client:np2hcMyp-Pn3H5KlAAAG
server.js - removing client:ABGsjtPUAZDaBcGsAAAF
server.js - Server is resetting...
server.js - Request for /endingsmart received.
rh.js - Request handler 'endingsmart' was called.
server.js - Request for / received.
rh.js - Request handler 'start' was called.
server.js - Request for / received.
rh.js - Request handler 'start' was called.
server.js - Request for /game received.
rh.js - Request handler 'game' was called.
server.js - Request for /endingloser received.
rh.js - Request handler 'endingloser' was called.
server.js - Request for / received.
rh.js - Request handler 'start' was called.
server.js - add new client:uplrwe-c2fHwvon8AAAH
GG
server.js - clinum is 1
server.js - Total Room is 1
client.js - [uname:大屌,ugen:man,udep:電機系,uage:senior,player:1,room:1,sid:uplrwe-c2fHwvon8AAAH] has login
server.js - Request for /game received.
rh.js - Request handler 'game' was called.
server.js - add new client:7Qopq55uJ72M7L0JAAAI
sending Status...
server.js - Starts game at room 1
server.js - Round 1 starts...
GG
server.js - clinum is 2
server.js - Total Room is 1
client.js - [uname:mmmmm,ugen:woman,udep:EE,uage:senior,player:2,room:1,sid:7Qopq55uJ72M7L0JAAAI] has login
client.js - Received 1 from player 1 of room 1
Splitting money, original :100 after : 99 , 1
server.js - Updating room...
server.js - Starts game at room 1
server.js - Round 2 starts...
client.js - Received 5 from player 2 of room 1
Splitting money, original :101 after : 96 , 5
server.js - Updating room...
server.js - Starts game at room 1
server.js - Round 3 starts...
client.js - Received 4 from player 1 of room 1
Splitting money, original :106 after : 102 , 4
server.js - Updating room...
server.js - Starts game at room 1
server.js - Round 4 starts...
client.js - Received 10 from player 2 of room 1
Splitting money, original :110 after : 100 , 10
server.js - Updating room...
server.js - Ends game at room 1
server.js - Request for /endingloser received.
rh.js - Request handler 'endingloser' was called.
server.js - removing client:7Qopq55uJ72M7L0JAAAI
server.js - Request for /endingloser received.
rh.js - Request handler 'endingloser' was called.
server.js - removing client:uplrwe-c2fHwvon8AAAH
server.js - Server is resetting...
server.js - Request for / received.
rh.js - Request handler 'start' was called.
server.js - Request for /game received.
rh.js - Request handler 'game' was called.
server.js - add new client:rK78t7THxJKvXyaeAAAJ
GG
server.js - clinum is 1
server.js - Total Room is 1
client.js - [uname:222,ugen:man,udep:EE,uage:senior,player:1,room:1,sid:rK78t7THxJKvXyaeAAAJ] has login
server.js - removing client:rK78t7THxJKvXyaeAAAJ
server.js - Server is resetting...
server.js - Request for / received.
rh.js - Request handler 'start' was called.
server.js - Request for / received.
rh.js - Request handler 'start' was called.
server.js - Request for /game received.
rh.js - Request handler 'game' was called.
server.js - add new client:AoZeikb91ML22Y4lAAAK
GG
server.js - clinum is 1
server.js - Total Room is 1
client.js - [uname:ya,ugen:man,udep:電機,uage:senior,player:1,room:1,sid:AoZeikb91ML22Y4lAAAK] has login
server.js - Request for / received.
rh.js - Request handler 'start' was called.
server.js - Request for / received.
rh.js - Request handler 'start' was called.
server.js - Request for /game received.
rh.js - Request handler 'game' was called.
server.js - Request for / received.
rh.js - Request handler 'start' was called.
server.js - Request for /favicon.ico received.
server.js - add new client:NfBT0nm5gghugcTnAAAL
sending Status...
server.js - Starts game at room 1
server.js - Round 1 starts...
GG
server.js - clinum is 2
server.js - Total Room is 1
client.js - [uname:me,ugen:woman,udep:EE,uage:senior,player:2,room:1,sid:NfBT0nm5gghugcTnAAAL] has login
client.js - Received 0 from player 1 of room 1
Splitting money, original :100 after : 100 , 0
server.js - Updating room...
server.js - Starts game at room 1
server.js - Round 2 starts...
server.js - Request for /game received.
rh.js - Request handler 'game' was called.
server.js - add new client:9NVHtO-b9LmK-GyMAAAM
GG
server.js - clinum is 3
server.js - Total Room is 2
client.js - [uname:000,ugen:man,udep:電機四,uage:senior,player:3,room:2,sid:9NVHtO-b9LmK-GyMAAAM] has login
client.js - Received 70 from player 2 of room 1
Splitting money, original :100 after : 30 , 70
server.js - Updating room...
server.js - Starts game at room 1
server.js - Round 3 starts...
client.js - Received 0 from player 1 of room 1
Splitting money, original :170 after : 170 , 0
server.js - Updating room...
server.js - Starts game at room 1
server.js - Round 4 starts...
client.js - Received 1 from player 2 of room 1
Splitting money, original :170 after : 169 , 1
server.js - Updating room...
server.js - Ends game at room 1
server.js - Request for /endingloser received.
rh.js - Request handler 'endingloser' was called.
server.js - Request for /endingsmart received.
rh.js - Request handler 'endingsmart' was called.
server.js - removing client:NfBT0nm5gghugcTnAAAL
server.js - removing client:AoZeikb91ML22Y4lAAAK
server.js - Request for / received.
rh.js - Request handler 'start' was called.
server.js - Request for /game received.
rh.js - Request handler 'game' was called.
server.js - Request for / received.
rh.js - Request handler 'start' was called.
server.js - add new client:R4s65WpcRIm44N15AAAN
Missing error handler on `socket`.
TypeError: Cannot read property 'uname' of undefined
    at Object.Server.isUserExists (/home/YuanTingHsieh/psycho/server.js:159:62)
    at Object.Client.doLogin (/home/YuanTingHsieh/psycho/clientoserver.js:54:41)
    at Socket.<anonymous> (/home/YuanTingHsieh/psycho/clientoserver.js:32:59)
    at Socket.EventEmitter.emit (events.js:98:17)
    at Socket.onevent (/home/YuanTingHsieh/psycho/node_modules/socket.io/lib/socket.js:330:8)
    at Socket.onpacket (/home/YuanTingHsieh/psycho/node_modules/socket.io/lib/socket.js:290:12)
    at Client.ondecoded (/home/YuanTingHsieh/psycho/node_modules/socket.io/lib/client.js:193:14)
    at Decoder.Emitter.emit (/home/YuanTingHsieh/psycho/node_modules/socket.io/node_modules/socket.io-parser/node_modules/component-emitter/index.js:134:20)
    at Decoder.add (/home/YuanTingHsieh/psycho/node_modules/socket.io/node_modules/socket.io-parser/index.js:247:12)
    at Client.ondata (/home/YuanTingHsieh/psycho/node_modules/socket.io/lib/client.js:175:18)
server.js - removing client:R4s65WpcRIm44N15AAAN

TypeError: Cannot read property 'valid' of undefined
    at Object.Server.removeClientByID (/home/YuanTingHsieh/psycho/server.js:103:59)
    at Object.Client.doDisconnect (/home/YuanTingHsieh/psycho/clientoserver.js:41:22)
    at Socket.<anonymous> (/home/YuanTingHsieh/psycho/clientoserver.js:30:57)
    at Socket.EventEmitter.emit (events.js:95:17)
    at Socket.emit (/home/YuanTingHsieh/psycho/node_modules/socket.io/lib/socket.js:129:10)
    at Socket.onclose (/home/YuanTingHsieh/psycho/node_modules/socket.io/lib/socket.js:418:8)
    at Client.onclose (/home/YuanTingHsieh/psycho/node_modules/socket.io/lib/client.js:230:12)
    at Client.onerror (/home/YuanTingHsieh/psycho/node_modules/socket.io/lib/client.js:211:8)
    at Client.ondata (/home/YuanTingHsieh/psycho/node_modules/socket.io/lib/client.js:177:10)
    at Socket.EventEmitter.emit (events.js:95:17)
