Option log level is not valid. Please refer to the README.
server.js - Server has started.
server.js - Request for / received.
rh.js - Request handler 'start' was called.
server.js - Request for /game received.
rh.js - Request handler 'game' was called.
server.js - Request for /game received.
rh.js - Request handler 'game' was called.
server.js - add new client:EMfvhfPofHIk-laXAAAA
GG
server.js - clinum is 1
server.js - Total Room is 1
client.js - [uname:A,ugen:undefined,udep:,uage:undefined,player:1,room:1,sid:EMfvhfPofHIk-laXAAAA] has login
server.js - add new client:iFyEq3h0gpAo4df1AAAB
sending Status...
server.js - Starts game at room 1
server.js - Round 1 starts...
GG
server.js - clinum is 2
server.js - Total Room is 1
client.js - [uname:B,ugen:undefined,udep:,uage:undefined,player:2,room:1,sid:iFyEq3h0gpAo4df1AAAB] has login
server.js - removing client:iFyEq3h0gpAo4df1AAAB
server.js - sending message to [uname:A,ugen:undefined,udep:,uage:undefined,player:1,room:1,sid:EMfvhfPofHIk-laXAAAA]
server.js - client iFyEq3h0gpAo4df1AAAB is time out or invalid, shutting down
server.js - Request for /game received.
rh.js - Request handler 'game' was called.
server.js - removing client:EMfvhfPofHIk-laXAAAA
server.js - Server is resetting...
server.js - Request for / received.
rh.js - Request handler 'start' was called.
server.js - Request for / received.
rh.js - Request handler 'start' was called.
server.js - Request for / received.
rh.js - Request handler 'start' was called.
server.js - Request for / received.
rh.js - Request handler 'start' was called.
server.js - Request for /favicon.ico received.
server.js - Request for /game received.
rh.js - Request handler 'game' was called.
server.js - add new client:LEv3bIq28d6uPXa6AAAC
GG
server.js - clinum is 1
server.js - Total Room is 1
client.js - [uname:qqq,ugen:man,udep:csie,uage:senior,player:1,room:1,sid:LEv3bIq28d6uPXa6AAAC] has login
server.js - Request for /game received.
rh.js - Request handler 'game' was called.
server.js - Request for /game received.
rh.js - Request handler 'game' was called.
server.js - Request for /game received.
rh.js - Request handler 'game' was called.
server.js - add new client:5oleBFZrCecgQeJFAAAD
sending Status...
server.js - Starts game at room 1
server.js - Round 1 starts...
GG
server.js - clinum is 2
server.js - Total Room is 1
client.js - [uname:BEn,ugen:man,udep:,uage:senior,player:2,room:1,sid:5oleBFZrCecgQeJFAAAD] has login
server.js - Request for /favicon.ico received.
server.js - client 5oleBFZrCecgQeJFAAAD is time out or invalid, shutting down
server.js - removing client:5oleBFZrCecgQeJFAAAD
server.js - sending message to [uname:qqq,ugen:man,udep:csie,uage:senior,player:1,room:1,sid:LEv3bIq28d6uPXa6AAAC]
server.js - Request for /game received.
rh.js - Request handler 'game' was called.
server.js - removing client:LEv3bIq28d6uPXa6AAAC
server.js - Server is resetting...
server.js - add new client:f0pzrs2epO30GE9TAAAE
GG
server.js - clinum is 1
server.js - Total Room is 1
client.js - [uname:qqq,ugen:man,udep:csie,uage:senior,player:1,room:1,sid:f0pzrs2epO30GE9TAAAE] has login
server.js - Request for /game received.
rh.js - Request handler 'game' was called.
server.js - add new client:L1mTCE2EeMDkKXkhAAAF
sending Status...
server.js - Starts game at room 1
server.js - Round 1 starts...
GG
server.js - clinum is 2
server.js - Total Room is 1
client.js - [uname:,ugen:undefined,udep:,uage:undefined,player:2,room:1,sid:L1mTCE2EeMDkKXkhAAAF] has login
client.js - Received 100 from player 1 of room 1
Splitting money, original :100 after : 0 , 100
server.js - Updating room...
server.js - Starts game at room 1
server.js - Round 2 starts...
client.js - Received 100 from player 2 of room 1
Splitting money, original :200 after : 100 , 100
server.js - Updating room...
server.js - Starts game at room 1
server.js - Round 3 starts...
client.js - Received 300 from player 1 of room 1
Splitting money, original :300 after : 0 , 300
server.js - Updating room...
server.js - Starts game at room 1
server.js - Round 4 starts...
server.js - client L1mTCE2EeMDkKXkhAAAF is time out or invalid, shutting down
server.js - removing client:L1mTCE2EeMDkKXkhAAAF
server.js - sending message to [uname:qqq,ugen:man,udep:csie,uage:senior,player:1,room:1,sid:f0pzrs2epO30GE9TAAAE]
server.js - removing client:f0pzrs2epO30GE9TAAAE
server.js - Server is resetting...
server.js - Request for / received.
rh.js - Request handler 'start' was called.
server.js - Request for / received.
rh.js - Request handler 'start' was called.
server.js - Request for / received.
rh.js - Request handler 'start' was called.
server.js - Request for /game received.
rh.js - Request handler 'game' was called.
server.js - add new client:35rNSxPR69GH_mwoAAAG
GG
server.js - clinum is 1
server.js - Total Room is 1
client.js - [uname:貓貓,ugen:woman,udep:心理系,uage:junior,player:1,room:1,sid:35rNSxPR69GH_mwoAAAG] has login
server.js - Request for / received.
rh.js - Request handler 'start' was called.
server.js - Request for /game received.
rh.js - Request handler 'game' was called.
server.js - add new client:PvKpQREuRcVGXY3LAAAH
sending Status...
server.js - Starts game at room 1
server.js - Round 1 starts...
GG
server.js - clinum is 2
server.js - Total Room is 1
client.js - [uname:烏龜,ugen:man,udep:電機所,uage:senior,player:2,room:1,sid:PvKpQREuRcVGXY3LAAAH] has login
client.js - Received 100 from player 1 of room 1
Splitting money, original :100 after : 0 , 100
server.js - Updating room...
server.js - Starts game at room 1
server.js - Round 2 starts...
client.js - Received 100 from player 2 of room 1
Splitting money, original :200 after : 100 , 100
server.js - Updating room...
server.js - Starts game at room 1
server.js - Round 3 starts...
client.js - Received 300 from player 1 of room 1
Splitting money, original :300 after : 0 , 300
server.js - Updating room...
server.js - Starts game at room 1
server.js - Round 4 starts...
client.js - Received 300 from player 2 of room 1
Splitting money, original :600 after : 300 , 300
server.js - Updating room...
server.js - Ends game at room 1
server.js - Request for /endingwinner received.
rh.js - Request handler 'endingwinner' was called.
server.js - Request for /endingsmart received.
rh.js - Request handler 'endingsmart' was called.
server.js - removing client:35rNSxPR69GH_mwoAAAG
server.js - removing client:PvKpQREuRcVGXY3LAAAH
server.js - Server is resetting...
server.js - Request for / received.
rh.js - Request handler 'start' was called.
server.js - Request for /endingsmart received.
rh.js - Request handler 'endingsmart' was called.
server.js - Request for /endingsmart received.
rh.js - Request handler 'endingsmart' was called.
server.js - Request for /endingsmart received.
rh.js - Request handler 'endingsmart' was called.
server.js - Request for / received.
rh.js - Request handler 'start' was called.
server.js - Request for / received.
rh.js - Request handler 'start' was called.
server.js - Request for / received.
rh.js - Request handler 'start' was called.
server.js - Server is resetting...
server.js - Request for /game received.
rh.js - Request handler 'game' was called.
server.js - Request for / received.
rh.js - Request handler 'start' was called.
server.js - Request for / received.
rh.js - Request handler 'start' was called.
client.js - Received 100 from player 2 of room 1
Missing error handler on `socket`.
TypeError: Cannot set property 'activate' of undefined
    at Object.Server.roomsplitMoney (/home/YuanTingHsieh/psycho/server.js:300:50)
    at Object.Client.doClitoSer (/home/YuanTingHsieh/psycho/clientoserver.js:88:22)
    at Socket.<anonymous> (/home/YuanTingHsieh/psycho/clientoserver.js:35:59)
    at Socket.EventEmitter.emit (events.js:95:17)
    at Socket.onevent (/home/YuanTingHsieh/psycho/node_modules/socket.io/lib/socket.js:330:8)
    at Socket.onpacket (/home/YuanTingHsieh/psycho/node_modules/socket.io/lib/socket.js:290:12)
    at Client.ondecoded (/home/YuanTingHsieh/psycho/node_modules/socket.io/lib/client.js:193:14)
    at Decoder.Emitter.emit (/home/YuanTingHsieh/psycho/node_modules/socket.io/node_modules/socket.io-parser/node_modules/component-emitter/index.js:134:20)
    at Decoder.add (/home/YuanTingHsieh/psycho/node_modules/socket.io/node_modules/socket.io-parser/index.js:247:12)
    at Client.ondata (/home/YuanTingHsieh/psycho/node_modules/socket.io/lib/client.js:175:18)
server.js - Server is resetting...
server.js - Request for / received.
rh.js - Request handler 'start' was called.
server.js - Request for / received.
rh.js - Request handler 'start' was called.
server.js - Request for / received.
rh.js - Request handler 'start' was called.
server.js - Request for / received.
rh.js - Request handler 'start' was called.
server.js - Request for / received.
rh.js - Request handler 'start' was called.
server.js - Request for / received.
rh.js - Request handler 'start' was called.
server.js - Request for /game received.
rh.js - Request handler 'game' was called.
server.js - add new client:HE9R56_Bt7VAZVxWAAAI
GG
server.js - clinum is 1
server.js - Total Room is 1
client.js - [uname:FFF,ugen:undefined,udep:,uage:undefined,player:1,room:1,sid:HE9R56_Bt7VAZVxWAAAI] has login
server.js - removing client:HE9R56_Bt7VAZVxWAAAI
server.js - Server is resetting...
server.js - Request for / received.
rh.js - Request handler 'start' was called.
server.js - Request for /game received.
rh.js - Request handler 'game' was called.
server.js - Request for / received.
rh.js - Request handler 'start' was called.
server.js - Request for / received.
rh.js - Request handler 'start' was called.
